生成启动时间为 2020/1/4 1:32:42。
     1>项目“D:\vs\zcl\testProj\newvisual\newvisual.vcxproj”在节点 2 上(build 个目标)。
     1>InitializeBuildStatus:
         正在创建“Debug\newvisual.unsuccessfulbuild”，因为已指定“AlwaysCreate”。
       ClCompile:
         所有输出均为最新。
         d:\vs\VC\bin\CL.exe /c /ZI /nologo /W3 /WX- /Od /Oy- /D WIN32 /D _WINDOWS /D _DEBUG /D _UNICODE /D UNICODE /D _AFXDLL /Gm /EHsc /RTC1 /MDd /GS /fp:precise /Zc:wchar_t /Zc:forScope /Yu"StdAfx.h" /Fp"Debug\newvisual.pch" /Fo"Debug\\" /Fd"Debug\vc100.pdb" /Gd /TP /analyze- /errorReport:prompt newvisual.cpp newvisualDlg.cpp
         newvisualDlg.cpp
         正在生成代码...
         正在跳过...(未检测到相关更改)
         newvisual.cpp
       ResourceCompile:
         C:\Program Files (x86)\Microsoft SDKs\Windows\v7.0A\bin\rc.exe /D _DEBUG /D _UNICODE /D UNICODE /D _AFXDLL /l"0x0804" /IDebug\ /nologo /fo"Debug\newvisual.res" newvisual.rc 
       ManifestResourceCompile:
         所有输出均为最新。
       Link:
         d:\vs\VC\bin\link.exe /ERRORREPORT:PROMPT /OUT:"D:\vs\zcl\testProj\Debug\newvisual.exe" /INCREMENTAL /NOLOGO /MANIFEST /ManifestFile:"Debug\newvisual.exe.intermediate.manifest" /MANIFESTUAC:"level='asInvoker' uiAccess='false'" /DEBUG /PDB:"D:\vs\zcl\testProj\Debug\newvisual.pdb" /SUBSYSTEM:WINDOWS /TLBID:1 /ENTRY:"wWinMainCRTStartup" /DYNAMICBASE /NXCOMPAT /IMPLIB:"D:\vs\zcl\testProj\Debug\newvisual.lib" /MACHINE:X86 Debug\newvisual.res
         Debug\newvisual.exe.embed.manifest.res
         Debug\WOLFNSHEEP.obj
         Debug\newvisual.obj
         Debug\newvisualDlg.obj
         Debug\stdafx.obj
       Manifest:
         C:\Program Files (x86)\Microsoft SDKs\Windows\v7.0A\bin\mt.exe /nologo /verbose /out:"Debug\newvisual.exe.embed.manifest" /manifest Debug\newvisual.exe.intermediate.manifest d:\vs\VC\Include\Manifest\dpiaware.manifest
         所有输出均为最新。
       LinkEmbedManifest:
         所有输出均为最新。
         newvisual.vcxproj -> D:\vs\zcl\testProj\Debug\newvisual.exe
       FinalizeBuildStatus:
         正在删除文件“Debug\newvisual.unsuccessfulbuild”。
         正在对“Debug\newvisual.lastbuildstate”执行 Touch 任务。
     1>已完成生成项目“D:\vs\zcl\testProj\newvisual\newvisual.vcxproj”(build 个目标)的操作。

生成成功。

已用时间 00:00:01.36
