D:\vs\zcl\testProj\newvisual\Release\cl.command.1.tlog
D:\vs\zcl\testProj\newvisual\Release\CL.read.1.tlog
D:\vs\zcl\testProj\newvisual\Release\CL.write.1.tlog
D:\vs\zcl\testProj\newvisual\Release\link.command.1.tlog
D:\vs\zcl\testProj\newvisual\Release\link.read.1.tlog
D:\vs\zcl\testProj\newvisual\Release\link.write.1.tlog
D:\vs\zcl\testProj\newvisual\Release\link-cvtres.read.1.tlog
D:\vs\zcl\testProj\newvisual\Release\link-cvtres.write.1.tlog
D:\vs\zcl\testProj\newvisual\Release\mt.command.1.tlog
D:\vs\zcl\testProj\newvisual\Release\mt.read.1.tlog
D:\vs\zcl\testProj\newvisual\Release\mt.write.1.tlog
D:\VS\ZCL\TESTPROJ\NEWVISUAL\RELEASE\NEWVISUAL.EXE.INTERMEDIATE.MANIFEST
D:\VS\ZCL\TESTPROJ\NEWVISUAL\RELEASE\NEWVISUAL.OBJ
D:\VS\ZCL\TESTPROJ\NEWVISUAL\RELEASE\NEWVISUAL.PCH
D:\VS\ZCL\TESTPROJ\NEWVISUAL\RELEASE\NEWVISUAL.RES
D:\vs\zcl\testProj\newvisual\Release\newvisual.write.1.tlog
D:\VS\ZCL\TESTPROJ\NEWVISUAL\RELEASE\NEWVISUALDLG.OBJ
D:\vs\zcl\testProj\newvisual\Release\rc.command.1.tlog
D:\vs\zcl\testProj\newvisual\Release\rc.read.1.tlog
D:\vs\zcl\testProj\newvisual\Release\rc.write.1.tlog
D:\VS\ZCL\TESTPROJ\NEWVISUAL\RELEASE\STDAFX.OBJ
D:\VS\ZCL\TESTPROJ\NEWVISUAL\RELEASE\VC100.PDB
D:\VS\ZCL\TESTPROJ\NEWVISUAL\RELEASE\WOLFNSHEEP.OBJ
D:\VS\ZCL\TESTPROJ\RELEASE\NEWVISUAL.EXE
D:\VS\ZCL\TESTPROJ\RELEASE\NEWVISUAL.PDB
